[INFO ] 2024-08-21 10:03:47.216 [main] java - ===========Delete patientid  by Patienttoken===================  
[INFO ] 2024-08-21 10:03:49.591 [main] java - ===========Patient Logout with in valid Method===================  
[INFO ] 2024-08-21 10:03:49.639 [main] java - ===========Patient Logout with No auth==================  
[INFO ] 2024-08-21 10:03:49.880 [main] java - ===========Patient Logout=====================  
[INFO ] 2024-08-21 10:03:50.116 [main] java - ===========Dietician Logout with invalid method==================  
[INFO ] 2024-08-21 10:03:50.154 [main] java - ===========Dietician Logout with No auth==================  
[INFO ] 2024-08-21 10:03:50.350 [main] java - ===========Dietician Logout====================  
[INFO ] 2024-08-21 10:03:50.892 [main] java - ===========Admin Logout with invalid method==================  
[INFO ] 2024-08-21 10:03:51.100 [main] java - ===========Admin Logout with No auth==================  
[INFO ] 2024-08-21 10:04:31.479 [main] java - ===========Admin token creation=====================  
[INFO ] 2024-08-21 10:04:34.131 [main] java - ===========POST Patient creation  with endpoint=====================  
[INFO ] 2024-08-21 10:04:36.883 [main] java - ===========POST Patient request with valid mandatory details=====================  
[INFO ] 2024-08-21 10:04:36.930 [main] java - ===========POST Patient Token creation=====================  
[INFO ] 2024-08-21 10:04:38.070 [main] java - ----------admin gets all morbidity details-----------
[INFO ] 2024-08-21 10:04:39.121 [main] java - ----------admin gets all condition bytest name-----------
[INFO ] 2024-08-21 10:04:39.594 [main] java - ----------Dietician  gets all morbidity details by test name-----------
[INFO ] 2024-08-21 10:04:40.074 [main] java - ===========Admin token invalid credential Negative=====================  
[INFO ] 2024-08-21 10:04:40.457 [main] java - ===========Admin token invalid Method Negative=====================  
[INFO ] 2024-08-21 10:04:41.235 [main] java - ===========Admin token invalid content type Negative=====================  
[INFO ] 2024-08-21 10:04:47.299 [main] java - ===========Post Patient by valid additional details Negative =====================  
[INFO ] 2024-08-21 10:04:48.271 [main] java - ===========Post Patient by invalid mandatory details Negative =====================  
[INFO ] 2024-08-21 10:04:49.147 [main] java - ===========Post Patient by invalid additional details Negative =====================  
[INFO ] 2024-08-21 10:04:49.983 [main] java - ===========Post Patient by invalid Method Negative =====================  
[INFO ] 2024-08-21 10:04:50.831 [main] java - ===========Post Patient by invalid Enpoint Negative =====================  
[INFO ] 2024-08-21 10:04:51.207 [main] java - ===========POST Patient creation  with endpoint=====================  
[INFO ] 2024-08-21 10:04:52.130 [main] java - ===========Post Patient with no auth Negative =====================  
[INFO ] 2024-08-21 10:04:52.131 [main] java - ===========POST Patient creation  with endpoint=====================  
[INFO ] 2024-08-21 10:04:53.858 [main] java - ===========Post Patient with Admin Token Negative =====================  
[INFO ] 2024-08-21 10:04:54.621 [main] java - ===========Post Patient with Patient Token Negative =====================  
[INFO ] 2024-08-21 10:04:55.500 [main] java - ===========Put Patient by valid data and invalid patient id Negative =====================  
[INFO ] 2024-08-21 10:04:55.834 [main] java - ===========Patient token creation with invalid credential Negative =====================  
[INFO ] 2024-08-21 10:04:55.992 [main] java - ===========Patient token creation with invalid Method Negative =====================  
[INFO ] 2024-08-21 10:04:55.999 [main] java - ===========Patient token creation with invalid Enpoint Negative =====================  
[INFO ] 2024-08-21 10:04:56.175 [main] java - ===========Patient token creation with invalid content type Negative =====================  
[INFO ] 2024-08-21 10:05:01.322 [main] java - ----------Dietician send get request with no auth-----------
[INFO ] 2024-08-21 10:05:01.471 [main] java - ----------Patient  send get request to retrive all morbidities details-----------
[INFO ] 2024-08-21 10:05:01.625 [main] java - ----------Admin  send onvalid method-----------
[INFO ] 2024-08-21 10:05:01.800 [main] java - ----------Admin  send request with invalid endpoint-----------
[INFO ] 2024-08-21 10:05:01.962 [main] java - ----------Dietician  send request with invalid method-----------
[INFO ] 2024-08-21 10:05:02.127 [main] java - ----------Dietician  send get request with invalid endpint-----------
[INFO ] 2024-08-21 10:05:02.290 [main] java - ----------Dietician  send request with no auth -----------
[INFO ] 2024-08-21 10:05:02.449 [main] java - ----------patient send get request with test name-----------
[INFO ] 2024-08-21 10:05:02.610 [main] java - ----------admin  send request with invalid method-----------
[INFO ] 2024-08-21 10:05:02.820 [main] java - ----------admin  send request with invalid testname-----------
[INFO ] 2024-08-21 10:05:03.126 [main] java - ----------Dietician  send request with invalid method-----------
[INFO ] 2024-08-21 10:05:03.294 [main] java - ----------Dietician  send request with invalid test name-----------
[INFO ] 2024-08-21 10:05:03.444 [main] java - ----------Dietician  send request with invalid endpoind-----------
[INFO ] 2024-08-21 10:05:03.500 [main] java - ===========Delete patientid  by Patienttoken===================  
[INFO ] 2024-08-21 10:05:03.658 [main] java - ===========Patient Logout with in valid Method===================  
[INFO ] 2024-08-21 10:05:03.666 [main] java - ===========Patient Logout with No auth==================  
[INFO ] 2024-08-21 10:05:03.830 [main] java - ===========Patient Logout=====================  
[INFO ] 2024-08-21 10:05:03.974 [main] java - ===========Dietician Logout with invalid method==================  
[INFO ] 2024-08-21 10:05:03.981 [main] java - ===========Dietician Logout with No auth==================  
[INFO ] 2024-08-21 10:05:04.132 [main] java - ===========Dietician Logout====================  
[INFO ] 2024-08-21 10:05:04.275 [main] java - ===========Admin Logout with invalid method==================  
[INFO ] 2024-08-21 10:05:04.466 [main] java - ===========Admin Logout with No auth==================  
[INFO ] 2024-08-21 10:05:04.625 [main] java - ===========Patient Logout=====================  
[INFO ] 2024-08-21 10:05:04.809 [main] java - ===========Dietician Logout====================  
[INFO ] 2024-08-21 10:05:04.991 [main] java - ===========Admin Logout====================  
[INFO ] 2024-08-21 10:32:04.042 [main] java - ===========Admin token creation=====================  
[INFO ] 2024-08-21 10:32:10.496 [main] java - ===========POST Patient creation  with endpoint=====================  
[INFO ] 2024-08-21 10:32:12.760 [main] java - ===========POST Patient request with valid mandatory details=====================  
[INFO ] 2024-08-21 10:32:12.781 [main] java - ===========POST Patient Token creation=====================  
[INFO ] 2024-08-21 10:32:13.993 [main] java - ----------admin gets all morbidity details-----------
[INFO ] 2024-08-21 10:32:14.279 [main] java - ----------admin gets all condition bytest name-----------
[INFO ] 2024-08-21 10:32:14.491 [main] java - ----------Dietician  gets all morbidity details-----------
[INFO ] 2024-08-21 10:32:14.709 [main] java - ----------Dietician  gets all morbidity details by test name-----------
[INFO ] 2024-08-21 10:32:15.253 [main] java - ===========Admin token invalid credential Negative=====================  
[INFO ] 2024-08-21 10:32:15.597 [main] java - ===========Admin token invalid Method Negative=====================  
[INFO ] 2024-08-21 10:32:16.274 [main] java - ===========Admin token invalid content type Negative=====================  
[INFO ] 2024-08-21 10:32:23.018 [main] java - ===========Post Patient by valid additional details Negative =====================  
[INFO ] 2024-08-21 10:32:23.895 [main] java - ===========Post Patient by invalid mandatory details Negative =====================  
[INFO ] 2024-08-21 10:32:24.729 [main] java - ===========Post Patient by invalid additional details Negative =====================  
[INFO ] 2024-08-21 10:32:25.544 [main] java - ===========Post Patient by invalid Method Negative =====================  
[INFO ] 2024-08-21 10:32:26.624 [main] java - ===========Post Patient by invalid Enpoint Negative =====================  
[INFO ] 2024-08-21 10:32:27.124 [main] java - ===========POST Patient creation  with endpoint=====================  
[INFO ] 2024-08-21 10:32:28.090 [main] java - ===========Post Patient with no auth Negative =====================  
[INFO ] 2024-08-21 10:32:28.090 [main] java - ===========POST Patient creation  with endpoint=====================  
[INFO ] 2024-08-21 10:32:29.650 [main] java - ===========Post Patient with Admin Token Negative =====================  
[INFO ] 2024-08-21 10:32:30.424 [main] java - ===========Post Patient with Patient Token Negative =====================  
[INFO ] 2024-08-21 10:32:31.231 [main] java - ===========Put Patient by valid data and invalid patient id Negative =====================  
[INFO ] 2024-08-21 10:32:31.581 [main] java - ===========Patient token creation with invalid credential Negative =====================  
[INFO ] 2024-08-21 10:32:31.741 [main] java - ===========Patient token creation with invalid Method Negative =====================  
[INFO ] 2024-08-21 10:32:31.758 [main] java - ===========Patient token creation with invalid Enpoint Negative =====================  
[INFO ] 2024-08-21 10:32:31.922 [main] java - ===========Patient token creation with invalid content type Negative =====================  
[INFO ] 2024-08-21 10:32:36.087 [main] java - ----------Dietician send get request with no auth-----------
[INFO ] 2024-08-21 10:32:36.260 [main] java - ----------Patient  send get request to retrive all morbidities details-----------
[INFO ] 2024-08-21 10:32:36.413 [main] java - ----------Admin  send onvalid method-----------
[INFO ] 2024-08-21 10:32:36.579 [main] java - ----------Admin  send request with invalid endpoint-----------
[INFO ] 2024-08-21 10:32:36.733 [main] java - ----------Dietician  send request with invalid method-----------
[INFO ] 2024-08-21 10:32:36.893 [main] java - ----------Dietician  send get request with invalid endpint-----------
[INFO ] 2024-08-21 10:32:37.056 [main] java - ----------Dietician  send request with no auth -----------
[INFO ] 2024-08-21 10:32:37.227 [main] java - ----------patient send get request with test name-----------
[INFO ] 2024-08-21 10:32:37.384 [main] java - ----------admin  send request with invalid method-----------
[INFO ] 2024-08-21 10:32:37.630 [main] java - ----------admin  send request with invalid testname-----------
[INFO ] 2024-08-21 10:32:37.957 [main] java - ----------Dietician  send request with invalid method-----------
[INFO ] 2024-08-21 10:32:38.118 [main] java - ----------Dietician  send request with invalid test name-----------
[INFO ] 2024-08-21 10:32:38.287 [main] java - ----------Dietician  send request with invalid endpoind-----------
[INFO ] 2024-08-21 10:32:38.350 [main] java - ===========Delete patientid  by Patienttoken===================  
[INFO ] 2024-08-21 10:32:38.495 [main] java - ===========Patient Logout with in valid Method===================  
[INFO ] 2024-08-21 10:32:38.509 [main] java - ===========Patient Logout with No auth==================  
[INFO ] 2024-08-21 10:32:38.651 [main] java - ===========Patient Logout=====================  
[INFO ] 2024-08-21 10:32:38.788 [main] java - ===========Dietician Logout with invalid method==================  
[INFO ] 2024-08-21 10:32:38.795 [main] java - ===========Dietician Logout with No auth==================  
[INFO ] 2024-08-21 10:32:38.925 [main] java - ===========Dietician Logout====================  
[INFO ] 2024-08-21 10:32:39.113 [main] java - ===========Admin Logout with invalid method==================  
[INFO ] 2024-08-21 10:32:39.295 [main] java - ===========Admin Logout with No auth==================  
[INFO ] 2024-08-21 10:32:39.484 [main] java - ===========Patient Logout=====================  
[INFO ] 2024-08-21 10:32:39.638 [main] java - ===========Dietician Logout====================  
[INFO ] 2024-08-21 10:32:39.793 [main] java - ===========Admin Logout====================  
[INFO ] 2024-08-21 10:47:38.269 [main] java - ===========Admin token creation=====================  
[INFO ] 2024-08-21 10:47:45.846 [main] java - ===========POST Patient creation  with endpoint=====================  
[INFO ] 2024-08-21 10:47:48.720 [main] java - ===========POST Patient request with valid mandatory details=====================  
[INFO ] 2024-08-21 10:47:48.762 [main] java - ===========POST Patient Token creation=====================  
[INFO ] 2024-08-21 10:47:50.004 [main] java - ----------admin gets all morbidity details-----------
[INFO ] 2024-08-21 10:47:50.281 [main] java - ----------admin gets all condition bytest name-----------
[INFO ] 2024-08-21 10:47:50.544 [main] java - ----------Dietician  gets all morbidity details-----------
[INFO ] 2024-08-21 10:47:50.791 [main] java - ----------Dietician  gets all morbidity details by test name-----------
[INFO ] 2024-08-21 10:47:51.276 [main] java - ===========Admin token invalid credential Negative=====================  
[INFO ] 2024-08-21 10:47:51.709 [main] java - ===========Admin token invalid Method Negative=====================  
[INFO ] 2024-08-21 10:47:52.609 [main] java - ===========Admin token invalid content type Negative=====================  
[INFO ] 2024-08-21 10:48:00.153 [main] java - ===========Post Patient by valid additional details Negative =====================  
[INFO ] 2024-08-21 10:48:00.972 [main] java - ===========Post Patient by invalid mandatory details Negative =====================  
[INFO ] 2024-08-21 10:48:01.646 [main] java - ===========Post Patient by invalid additional details Negative =====================  
[INFO ] 2024-08-21 10:48:02.369 [main] java - ===========Post Patient by invalid Method Negative =====================  
[INFO ] 2024-08-21 10:48:03.290 [main] java - ===========Post Patient by invalid Enpoint Negative =====================  
[INFO ] 2024-08-21 10:48:03.797 [main] java - ===========POST Patient creation  with endpoint=====================  
[INFO ] 2024-08-21 10:48:04.635 [main] java - ===========Post Patient with no auth Negative =====================  
[INFO ] 2024-08-21 10:48:04.635 [main] java - ===========POST Patient creation  with endpoint=====================  
[INFO ] 2024-08-21 10:48:06.242 [main] java - ===========Post Patient with Admin Token Negative =====================  
[INFO ] 2024-08-21 10:48:06.965 [main] java - ===========Post Patient with Patient Token Negative =====================  
[INFO ] 2024-08-21 10:48:07.658 [main] java - ===========Put Patient by valid data and invalid patient id Negative =====================  
[INFO ] 2024-08-21 10:48:08.040 [main] java - ===========Patient token creation with invalid credential Negative =====================  
[INFO ] 2024-08-21 10:48:08.212 [main] java - ===========Patient token creation with invalid Method Negative =====================  
[INFO ] 2024-08-21 10:48:08.228 [main] java - ===========Patient token creation with invalid Enpoint Negative =====================  
[INFO ] 2024-08-21 10:48:08.456 [main] java - ===========Patient token creation with invalid content type Negative =====================  
[INFO ] 2024-08-21 10:48:13.291 [main] java - ----------Dietician send get request with no auth-----------
[INFO ] 2024-08-21 10:48:13.448 [main] java - ----------Patient  send get request to retrive all morbidities details-----------
[INFO ] 2024-08-21 10:48:13.596 [main] java - ----------Admin  send onvalid method-----------
[INFO ] 2024-08-21 10:48:13.750 [main] java - ----------Admin  send request with invalid endpoint-----------
[INFO ] 2024-08-21 10:48:13.949 [main] java - ----------Dietician  send request with invalid method-----------
[INFO ] 2024-08-21 10:48:14.110 [main] java - ----------Dietician  send get request with invalid endpint-----------
[INFO ] 2024-08-21 10:48:14.265 [main] java - ----------Dietician  send request with no auth -----------
[INFO ] 2024-08-21 10:48:14.406 [main] java - ----------patient send get request with test name-----------
[INFO ] 2024-08-21 10:48:14.576 [main] java - ----------admin  send request with invalid method-----------
[INFO ] 2024-08-21 10:48:14.795 [main] java - ----------admin  send request with invalid testname-----------
[INFO ] 2024-08-21 10:48:15.093 [main] java - ----------Dietician  send request with invalid method-----------
[INFO ] 2024-08-21 10:48:15.252 [main] java - ----------Dietician  send request with invalid test name-----------
[INFO ] 2024-08-21 10:48:15.407 [main] java - ----------Dietician  send request with invalid endpoind-----------
[INFO ] 2024-08-21 10:48:15.471 [main] java - ===========Delete patientid  by Patienttoken===================  
[INFO ] 2024-08-21 10:48:15.615 [main] java - ===========Patient Logout with in valid Method===================  
[INFO ] 2024-08-21 10:48:15.630 [main] java - ===========Patient Logout with No auth==================  
[INFO ] 2024-08-21 10:48:15.772 [main] java - ===========Patient Logout=====================  
[INFO ] 2024-08-21 10:48:15.930 [main] java - ===========Dietician Logout with invalid method==================  
[INFO ] 2024-08-21 10:48:15.944 [main] java - ===========Dietician Logout with No auth==================  
[INFO ] 2024-08-21 10:48:16.092 [main] java - ===========Dietician Logout====================  
[INFO ] 2024-08-21 10:48:16.230 [main] java - ===========Admin Logout with invalid method==================  
[INFO ] 2024-08-21 10:48:16.385 [main] java - ===========Admin Logout with No auth==================  
[INFO ] 2024-08-21 10:48:16.543 [main] java - ===========Patient Logout=====================  
[INFO ] 2024-08-21 10:48:16.685 [main] java - ===========Dietician Logout====================  
[INFO ] 2024-08-21 10:48:16.825 [main] java - ===========Admin Logout====================  
[INFO ] 2024-08-21 10:59:34.683 [main] java - ===========Admin token creation=====================  
[INFO ] 2024-08-21 10:59:39.715 [main] java - ===========POST Patient creation  with endpoint=====================  
[INFO ] 2024-08-21 10:59:42.427 [main] java - ===========POST Patient request with valid mandatory details=====================  
[INFO ] 2024-08-21 10:59:42.439 [main] java - ===========POST Patient Token creation=====================  
[INFO ] 2024-08-21 10:59:43.726 [main] java - ===========Put Patient with existing file by not attaching new file=====================  
[INFO ] 2024-08-21 10:59:46.352 [main] java - ===========Put Patient with Vitals=====================  
[INFO ] 2024-08-21 10:59:50.542 [main] java - ----------Dietician gets  morbidity details with file id -----------
[INFO ] 2024-08-21 10:59:50.990 [main] java - ----------Dietician send  get  request  with file id -----------
[INFO ] 2024-08-21 10:59:51.175 [main] java - ----------Patient send  get  request  Get_GetPatientsMorbidityDetails -----------
[INFO ] 2024-08-21 10:59:51.480 [main] java - ----------Patient send  get  request  Get_GetPatientsMorbidityDetails -----------
[INFO ] 2024-08-21 10:59:51.662 [main] java - ----------admin gets all morbidity details-----------
[INFO ] 2024-08-21 10:59:51.871 [main] java - ----------admin gets all condition bytest name-----------
[INFO ] 2024-08-21 10:59:52.065 [main] java - ----------Dietician  gets all morbidity details-----------
[INFO ] 2024-08-21 10:59:52.227 [main] java - ----------Dietician  gets all morbidity details by test name-----------
[INFO ] 2024-08-21 10:59:52.595 [main] java - ===========Admin token invalid credential Negative=====================  
[INFO ] 2024-08-21 10:59:52.847 [main] java - ===========Admin token invalid Method Negative=====================  
[INFO ] 2024-08-21 10:59:53.467 [main] java - ===========Admin token invalid content type Negative=====================  
[INFO ] 2024-08-21 10:59:59.613 [main] java - ===========Post Patient by valid additional details Negative =====================  
[INFO ] 2024-08-21 11:00:00.380 [main] java - ===========Post Patient by invalid mandatory details Negative =====================  
[INFO ] 2024-08-21 11:00:01.502 [main] java - ===========Post Patient by invalid additional details Negative =====================  
[INFO ] 2024-08-21 11:00:02.281 [main] java - ===========Post Patient by invalid Method Negative =====================  
[INFO ] 2024-08-21 11:00:03.297 [main] java - ===========Post Patient by invalid Enpoint Negative =====================  
[INFO ] 2024-08-21 11:00:03.788 [main] java - ===========POST Patient creation  with endpoint=====================  
[INFO ] 2024-08-21 11:00:05.000 [main] java - ===========Post Patient with no auth Negative =====================  
[INFO ] 2024-08-21 11:00:05.002 [main] java - ===========POST Patient creation  with endpoint=====================  
[INFO ] 2024-08-21 11:00:06.735 [main] java - ===========Post Patient with Admin Token Negative =====================  
[INFO ] 2024-08-21 11:00:07.509 [main] java - ===========Post Patient with Patient Token Negative =====================  
[INFO ] 2024-08-21 11:00:08.186 [main] java - ===========Put Patient by valid data and invalid patient id Negative =====================  
[INFO ] 2024-08-21 11:00:08.527 [main] java - ===========Patient token creation with invalid credential Negative =====================  
[INFO ] 2024-08-21 11:00:08.692 [main] java - ===========Patient token creation with invalid Method Negative =====================  
[INFO ] 2024-08-21 11:00:08.710 [main] java - ===========Patient token creation with invalid Enpoint Negative =====================  
[INFO ] 2024-08-21 11:00:08.963 [main] java - ===========Patient token creation with invalid content type Negative =====================  
[INFO ] 2024-08-21 11:00:14.219 [main] java - ----------Dietician send get request with no auth -----------
[INFO ] 2024-08-21 11:00:14.395 [main] java - ----------Admin send get request with  patients by fielId -----------
[INFO ] 2024-08-21 11:00:14.583 [main] java - ----------Dietician send post  invalid method  -----------
[INFO ] 2024-08-21 11:00:14.759 [main] java - ----------Dietician send get request  invalid fileId  -----------
[INFO ] 2024-08-21 11:00:15.029 [main] java - ----------Dietician send get request  invalid endpoint  -----------
[INFO ] 2024-08-21 11:00:15.200 [main] java - ----------Dietician send get request with no auth-----------
[INFO ] 2024-08-21 11:00:15.385 [main] java - ----------Patient  send get request to retrive all morbidities details-----------
[INFO ] 2024-08-21 11:00:15.546 [main] java - ----------Admin  send onvalid method-----------
[INFO ] 2024-08-21 11:00:15.707 [main] java - ----------Admin  send request with invalid endpoint-----------
[INFO ] 2024-08-21 11:00:15.859 [main] java - ----------Dietician  send request with invalid method-----------
[INFO ] 2024-08-21 11:00:16.006 [main] java - ----------Dietician  send get request with invalid endpint-----------
[INFO ] 2024-08-21 11:00:16.183 [main] java - ----------Dietician  send request with no auth -----------
[INFO ] 2024-08-21 11:00:16.331 [main] java - ----------patient send get request with test name-----------
[INFO ] 2024-08-21 11:00:16.493 [main] java - ----------admin  send request with invalid method-----------
[INFO ] 2024-08-21 11:00:16.674 [main] java - ----------admin  send request with invalid testname-----------
[INFO ] 2024-08-21 11:00:16.983 [main] java - ----------Dietician  send request with invalid method-----------
[INFO ] 2024-08-21 11:00:17.140 [main] java - ----------Dietician  send request with invalid test name-----------
[INFO ] 2024-08-21 11:00:17.297 [main] java - ----------Dietician  send request with invalid endpoind-----------
[INFO ] 2024-08-21 11:00:17.353 [main] java - ===========Delete patientid  by Patienttoken===================  
[INFO ] 2024-08-21 11:00:17.490 [main] java - ===========Patient Logout with in valid Method===================  
[INFO ] 2024-08-21 11:00:17.498 [main] java - ===========Patient Logout with No auth==================  
[INFO ] 2024-08-21 11:00:17.649 [main] java - ===========Patient Logout=====================  
[INFO ] 2024-08-21 11:00:17.803 [main] java - ===========Dietician Logout with invalid method==================  
[INFO ] 2024-08-21 11:00:17.821 [main] java - ===========Dietician Logout with No auth==================  
[INFO ] 2024-08-21 11:00:17.953 [main] java - ===========Dietician Logout====================  
[INFO ] 2024-08-21 11:00:18.115 [main] java - ===========Admin Logout with invalid method==================  
[INFO ] 2024-08-21 11:00:18.280 [main] java - ===========Admin Logout with No auth==================  
[INFO ] 2024-08-21 11:00:18.476 [main] java - ===========Patient Logout=====================  
[INFO ] 2024-08-21 11:00:18.805 [main] java - ===========Dietician Logout====================  
[INFO ] 2024-08-21 11:00:18.996 [main] java - ===========Admin Logout====================  
